This is pdfTeX, Version 3.141592653-2.6-1.40.24 (MiKTeX 22.1) (preloaded format=pdflatex 2025.2.23)  17 DEC 2025 13:57
entering extended mode
 restricted \write18 enabled.
 file:line:error style messages enabled.
 %&-line parsing enabled.
**/Users/ethanballou/Documents/GitHub/LifetimeEarningsRisk/Paper/Draft2/DescriptiveLifeRisk.tex
(/Users/ethanballou/Documents/GitHub/LifetimeEarningsRisk/Paper/Draft2/DescriptiveLifeRisk.tex
LaTeX2e <2024-11-01> patch level 2
L3 programming layer <2025-01-18>
(/Users/ethanballou/Library/Application Support/MiKTeX/texmfs/install/tex/latex/base/article.cls
Document Class: article 2024/06/29 v1.4n Standard LaTeX document class
(/Users/ethanballou/Library/Application Support/MiKTeX/texmfs/install/tex/latex/base/size12.clo
File: size12.clo 2024/06/29 v1.4n Standard LaTeX file (size option)
)
\c@part=\count196
\c@section=\count197
\c@subsection=\count198
\c@subsubsection=\count199
\c@paragraph=\count266
\c@subparagraph=\count267
\c@figure=\count268
\c@table=\count269
\abovecaptionskip=\skip49
\belowcaptionskip=\skip50
\bibindent=\dimen141
) (/Users/ethanballou/Library/Application Support/MiKTeX/texmfs/install/tex/latex/setspace/setspace.sty
Package: setspace 2022/12/04 v6.7b set line spacing
) (/Users/ethanballou/Library/Application Support/MiKTeX/texmfs/install/tex/latex/geometry/geometry.sty
Package: geometry 2020/01/02 v5.9 Page Geometry
 (/Users/ethanballou/Library/Application Support/MiKTeX/texmfs/install/tex/latex/graphics/keyval.sty
Package: keyval 2022/05/29 v1.15 key=value parser (DPC)
\KV@toks@=\toks17
) (/Users/ethanballou/Library/Application Support/MiKTeX/texmfs/install/tex/generic/iftex/ifvtex.sty
Package: ifvtex 2019/10/25 v1.7 ifvtex legacy package. Use iftex instead.
 (/Users/ethanballou/Library/Application Support/MiKTeX/texmfs/install/tex/generic/iftex/iftex.sty
Package: iftex 2024/12/12 v1.0g TeX engine tests
))
\Gm@cnth=\count270
\Gm@cntv=\count271
\c@Gm@tempcnt=\count272
\Gm@bindingoffset=\dimen142
\Gm@wd@mp=\dimen143
\Gm@odd@mp=\dimen144
\Gm@even@mp=\dimen145
\Gm@layoutwidth=\dimen146
\Gm@layoutheight=\dimen147
\Gm@layouthoffset=\dimen148
\Gm@layoutvoffset=\dimen149
\Gm@dimlist=\toks18
 (/Users/ethanballou/Library/Application Support/MiKTeX/texmfs/install/tex/latex/geometry/geometry.cfg)) (/Users/ethanballou/Library/Application Support/MiKTeX/texmfs/install/tex/latex/hyperref/hyperref.sty
Package: hyperref 2024-11-05 v7.01l Hypertext links for LaTeX
 (/Users/ethanballou/Library/Application Support/MiKTeX/texmfs/install/tex/latex/kvsetkeys/kvsetkeys.sty
Package: kvsetkeys 2022-10-05 v1.19 Key value parser (HO)
) (/Users/ethanballou/Library/Application Support/MiKTeX/texmfs/install/tex/generic/kvdefinekeys/kvdefinekeys.sty
Package: kvdefinekeys 2019-12-19 v1.6 Define keys (HO)
) (/Users/ethanballou/Library/Application Support/MiKTeX/texmfs/install/tex/generic/pdfescape/pdfescape.sty
Package: pdfescape 2019/12/09 v1.15 Implements pdfTeX's escape features (HO)
 (/Users/ethanballou/Library/Application Support/MiKTeX/texmfs/install/tex/generic/ltxcmds/ltxcmds.sty
Package: ltxcmds 2023-12-04 v1.26 LaTeX kernel commands for general use (HO)
) (/Users/ethanballou/Library/Application Support/MiKTeX/texmfs/install/tex/generic/pdftexcmds/pdftexcmds.sty
Package: pdftexcmds 2020-06-27 v0.33 Utility functions of pdfTeX for LuaTeX (HO)
 (/Users/ethanballou/Library/Application Support/MiKTeX/texmfs/install/tex/generic/infwarerr/infwarerr.sty
Package: infwarerr 2019/12/03 v1.5 Providing info/warning/error messages (HO)
)
Package pdftexcmds Info: \pdf@primitive is available.
Package pdftexcmds Info: \pdf@ifprimitive is available.
Package pdftexcmds Info: \pdfdraftmode found.
)) (/Users/ethanballou/Library/Application Support/MiKTeX/texmfs/install/tex/latex/hycolor/hycolor.sty
Package: hycolor 2020-01-27 v1.10 Color options for hyperref/bookmark (HO)
) (/Users/ethanballou/Library/Application Support/MiKTeX/texmfs/install/tex/latex/hyperref/nameref.sty
Package: nameref 2023-11-26 v2.56 Cross-referencing by name of section
 (/Users/ethanballou/Library/Application Support/MiKTeX/texmfs/install/tex/latex/refcount/refcount.sty
Package: refcount 2019/12/15 v3.6 Data extraction from label references (HO)
) (/Users/ethanballou/Library/Application Support/MiKTeX/texmfs/install/tex/generic/gettitlestring/gettitlestring.sty
Package: gettitlestring 2019/12/15 v1.6 Cleanup title references (HO)
 (/Users/ethanballou/Library/Application Support/MiKTeX/texmfs/install/tex/latex/kvoptions/kvoptions.sty
Package: kvoptions 2022-06-15 v3.15 Key value format for package options (HO)
))
\c@section@level=\count273
) (/Users/ethanballou/Library/Application Support/MiKTeX/texmfs/install/tex/latex/etoolbox/etoolbox.sty
Package: etoolbox 2025/02/11 v2.5l e-TeX tools for LaTeX (JAW)
\etb@tempcnta=\count274
) (/Users/ethanballou/Library/Application Support/MiKTeX/texmfs/install/tex/generic/stringenc/stringenc.sty
Package: stringenc 2019/11/29 v1.12 Convert strings between diff. encodings (HO)
)
\@linkdim=\dimen150
\Hy@linkcounter=\count275
\Hy@pagecounter=\count276
 (/Users/ethanballou/Library/Application Support/MiKTeX/texmfs/install/tex/latex/hyperref/pd1enc.def
File: pd1enc.def 2024-11-05 v7.01l Hyperref: PDFDocEncoding definition (HO)
Now handling font encoding PD1 ...
... no UTF-8 mapping file for font encoding PD1
) (/Users/ethanballou/Library/Application Support/MiKTeX/texmfs/install/tex/generic/intcalc/intcalc.sty
Package: intcalc 2019/12/15 v1.3 Expandable calculations with integers (HO)
)
\Hy@SavedSpaceFactor=\count277
 (/Users/ethanballou/Library/Application Support/MiKTeX/texmfs/install/tex/latex/hyperref/puenc.def
File: puenc.def 2024-11-05 v7.01l Hyperref: PDF Unicode definition (HO)
Now handling font encoding PU ...
... no UTF-8 mapping file for font encoding PU
)
Package hyperref Info: Hyper figures OFF on input line 4157.
Package hyperref Info: Link nesting OFF on input line 4162.
Package hyperref Info: Hyper index ON on input line 4165.
Package hyperref Info: Plain pages OFF on input line 4172.
Package hyperref Info: Backreferencing OFF on input line 4177.
Package hyperref Info: Implicit mode ON; LaTeX internals redefined.
Package hyperref Info: Bookmarks ON on input line 4424.
\c@Hy@tempcnt=\count278
 (/Users/ethanballou/Library/Application Support/MiKTeX/texmfs/install/tex/latex/url/url.sty
\Urlmuskip=\muskip17
Package: url 2013/09/16  ver 3.4  Verb mode for urls, etc.
)
LaTeX Info: Redefining \url on input line 4763.
\XeTeXLinkMargin=\dimen151
 (/Users/ethanballou/Library/Application Support/MiKTeX/texmfs/install/tex/generic/bitset/bitset.sty
Package: bitset 2019/12/09 v1.3 Handle bit-vector datatype (HO)
 (/Users/ethanballou/Library/Application Support/MiKTeX/texmfs/install/tex/generic/bigintcalc/bigintcalc.sty
Package: bigintcalc 2019/12/15 v1.5 Expandable calculations on big integers (HO)
))
\Fld@menulength=\count279
\Field@Width=\dimen152
\Fld@charsize=\dimen153
Package hyperref Info: Hyper figures OFF on input line 6042.
Package hyperref Info: Link nesting OFF on input line 6047.
Package hyperref Info: Hyper index ON on input line 6050.
Package hyperref Info: backreferencing OFF on input line 6057.
Package hyperref Info: Link coloring OFF on input line 6062.
Package hyperref Info: Link coloring with OCG OFF on input line 6067.
Package hyperref Info: PDF/A mode OFF on input line 6072.
 (/Users/ethanballou/Library/Application Support/MiKTeX/texmfs/install/tex/latex/base/atbegshi-ltx.sty
Package: atbegshi-ltx 2021/01/10 v1.0c Emulation of the original atbegshi
package with kernel methods
)
\Hy@abspage=\count280
\c@Item=\count281
\c@Hfootnote=\count282
)
Package hyperref Info: Driver (autodetected): hpdftex.
 (/Users/ethanballou/Library/Application Support/MiKTeX/texmfs/install/tex/latex/hyperref/hpdftex.def
File: hpdftex.def 2024-11-05 v7.01l Hyperref driver for pdfTeX
 (/Users/ethanballou/Library/Application Support/MiKTeX/texmfs/install/tex/latex/base/atveryend-ltx.sty
Package: atveryend-ltx 2020/08/19 v1.0a Emulation of the original atveryend package
with kernel methods
)
\Fld@listcount=\count283
\c@bookmark@seq@number=\count284
 (/Users/ethanballou/Library/Application Support/MiKTeX/texmfs/install/tex/latex/rerunfilecheck/rerunfilecheck.sty
Package: rerunfilecheck 2022-07-10 v1.10 Rerun checks for auxiliary files (HO)
 (/Users/ethanballou/Library/Application Support/MiKTeX/texmfs/install/tex/generic/uniquecounter/uniquecounter.sty
Package: uniquecounter 2019/12/15 v1.4 Provide unlimited unique counter (HO)
)
Package uniquecounter Info: New unique counter `rerunfilecheck' on input line 285.
)
\Hy@SectionHShift=\skip51
) (/Users/ethanballou/Library/Application Support/MiKTeX/texmfs/install/tex/latex/tools/multicol.sty
Package: multicol 2024/09/14 v1.9i multicolumn formatting (FMi)
\c@tracingmulticols=\count285
\mult@box=\box52
\multicol@leftmargin=\dimen154
\c@unbalance=\count286
\c@collectmore=\count287
\doublecol@number=\count288
\multicoltolerance=\count289
\multicolpretolerance=\count290
\full@width=\dimen155
\page@free=\dimen156
\premulticols=\dimen157
\postmulticols=\dimen158
\multicolsep=\skip52
\multicolbaselineskip=\skip53
\partial@page=\box53
\last@line=\box54
\mc@boxedresult=\box55
\maxbalancingoverflow=\dimen159
\mult@rightbox=\box56
\mult@grightbox=\box57
\mult@firstbox=\box58
\mult@gfirstbox=\box59
\@tempa=\box60
\@tempa=\box61
\@tempa=\box62
\@tempa=\box63
\@tempa=\box64
\@tempa=\box65
\@tempa=\box66
\@tempa=\box67
\@tempa=\box68
\@tempa=\box69
\@tempa=\box70
\@tempa=\box71
\@tempa=\box72
\@tempa=\box73
\@tempa=\box74
\@tempa=\box75
\@tempa=\box76
\@tempa=\box77
\@tempa=\box78
\@tempa=\box79
\@tempa=\box80
\@tempa=\box81
\@tempa=\box82
\@tempa=\box83
\@tempa=\box84
\@tempa=\box85
\@tempa=\box86
\@tempa=\box87
\@tempa=\box88
\@tempa=\box89
\@tempa=\box90
\@tempa=\box91
\@tempa=\box92
\@tempa=\box93
\@tempa=\box94
\@tempa=\box95
\c@minrows=\count291
\c@columnbadness=\count292
\c@finalcolumnbadness=\count293
\last@try=\dimen160
\multicolovershoot=\dimen161
\multicolundershoot=\dimen162
\mult@nat@firstbox=\box96
\colbreak@box=\box97
\mc@col@check@num=\count294
) (/Users/ethanballou/Library/Application Support/MiKTeX/texmfs/install/tex/latex/booktabs/booktabs.sty
Package: booktabs 2020/01/12 v1.61803398 Publication quality tables
\heavyrulewidth=\dimen163
\lightrulewidth=\dimen164
\cmidrulewidth=\dimen165
\belowrulesep=\dimen166
\belowbottomsep=\dimen167
\aboverulesep=\dimen168
\abovetopsep=\dimen169
\cmidrulesep=\dimen170
\cmidrulekern=\dimen171
\defaultaddspace=\dimen172
\@cmidla=\count295
\@cmidlb=\count296
\@aboverulesep=\dimen173
\@belowrulesep=\dimen174
\@thisruleclass=\count297
\@lastruleclass=\count298
\@thisrulewidth=\dimen175
) (/Users/ethanballou/Library/Application Support/MiKTeX/texmfs/install/tex/latex/amsfonts/amssymb.sty
Package: amssymb 2013/01/14 v3.01 AMS font symbols
 (/Users/ethanballou/Library/Application Support/MiKTeX/texmfs/install/tex/latex/amsfonts/amsfonts.sty
Package: amsfonts 2013/01/14 v3.01 Basic AMSFonts support
\@emptytoks=\toks19
\symAMSa=\mathgroup4
\symAMSb=\mathgroup5
LaTeX Font Info:    Redeclaring math symbol \hbar on input line 98.
LaTeX Font Info:    Overwriting math alphabet `\mathfrak' in version `bold'
(Font)                  U/euf/m/n --> U/euf/b/n on input line 106.
)) (/Users/ethanballou/Library/Application Support/MiKTeX/texmfs/install/tex/latex/graphics/graphicx.sty
Package: graphicx 2021/09/16 v1.2d Enhanced LaTeX Graphics (DPC,SPQR)
 (/Users/ethanballou/Library/Application Support/MiKTeX/texmfs/install/tex/latex/graphics/graphics.sty
Package: graphics 2024/08/06 v1.4g Standard LaTeX Graphics (DPC,SPQR)
 (/Users/ethanballou/Library/Application Support/MiKTeX/texmfs/install/tex/latex/graphics/trig.sty
Package: trig 2023/12/02 v1.11 sin cos tan (DPC)
) (/Users/ethanballou/Library/Application Support/MiKTeX/texmfs/install/tex/latex/graphics-cfg/graphics.cfg
File: graphics.cfg 2016/06/04 v1.11 sample graphics configuration
)
Package graphics Info: Driver file: pdftex.def on input line 106.
 (/Users/ethanballou/Library/Application Support/MiKTeX/texmfs/install/tex/latex/graphics-def/pdftex.def
File: pdftex.def 2024/04/13 v1.2c Graphics/color driver for pdftex
))
\Gin@req@height=\dimen176
\Gin@req@width=\dimen177
) (/Users/ethanballou/Library/Application Support/MiKTeX/texmfs/install/tex/latex/caption/caption.sty
Package: caption 2023/08/05 v3.6o Customizing captions (AR)
 (/Users/ethanballou/Library/Application Support/MiKTeX/texmfs/install/tex/latex/caption/caption3.sty
Package: caption3 2023/07/31 v2.4d caption3 kernel (AR)
\caption@tempdima=\dimen178
\captionmargin=\dimen179
\caption@leftmargin=\dimen180
\caption@rightmargin=\dimen181
\caption@width=\dimen182
\caption@indent=\dimen183
\caption@parindent=\dimen184
\caption@hangindent=\dimen185
Package caption Info: Standard document class detected.
)
\c@caption@flags=\count299
\c@continuedfloat=\count300
Package caption Info: hyperref package is loaded.
) (/Users/ethanballou/Library/Application Support/MiKTeX/texmfs/install/tex/latex/float/float.sty
Package: float 2001/11/08 v1.3d Float enhancements (AL)
\c@float@type=\count301
\float@exts=\toks20
\float@box=\box98
\@float@everytoks=\toks21
\@floatcapt=\box99
) (/Users/ethanballou/Library/Application Support/MiKTeX/texmfs/install/tex/latex/amsmath/amsmath.sty
Package: amsmath 2024/11/05 v2.17t AMS math features
\@mathmargin=\skip54

For additional information on amsmath, use the `?' option.
(/Users/ethanballou/Library/Application Support/MiKTeX/texmfs/install/tex/latex/amsmath/amstext.sty
Package: amstext 2021/08/26 v2.01 AMS text
 (/Users/ethanballou/Library/Application Support/MiKTeX/texmfs/install/tex/latex/amsmath/amsgen.sty
File: amsgen.sty 1999/11/30 v2.0 generic functions
\@emptytoks=\toks22
\ex@=\dimen186
)) (/Users/ethanballou/Library/Application Support/MiKTeX/texmfs/install/tex/latex/amsmath/amsbsy.sty
Package: amsbsy 1999/11/29 v1.2d Bold Symbols
\pmbraise@=\dimen187
) (/Users/ethanballou/Library/Application Support/MiKTeX/texmfs/install/tex/latex/amsmath/amsopn.sty
Package: amsopn 2022/04/08 v2.04 operator names
)
\inf@bad=\count302
LaTeX Info: Redefining \frac on input line 233.
\uproot@=\count303
\leftroot@=\count304
LaTeX Info: Redefining \overline on input line 398.
LaTeX Info: Redefining \colon on input line 409.
\classnum@=\count305
\DOTSCASE@=\count306
LaTeX Info: Redefining \ldots on input line 495.
LaTeX Info: Redefining \dots on input line 498.
LaTeX Info: Redefining \cdots on input line 619.
\Mathstrutbox@=\box100
\strutbox@=\box101
LaTeX Info: Redefining \big on input line 721.
LaTeX Info: Redefining \Big on input line 722.
LaTeX Info: Redefining \bigg on input line 723.
LaTeX Info: Redefining \Bigg on input line 724.
\big@size=\dimen188
LaTeX Font Info:    Redeclaring font encoding OML on input line 742.
LaTeX Font Info:    Redeclaring font encoding OMS on input line 743.
\macc@depth=\count307
LaTeX Info: Redefining \bmod on input line 904.
LaTeX Info: Redefining \pmod on input line 909.
LaTeX Info: Redefining \smash on input line 939.
LaTeX Info: Redefining \relbar on input line 969.
LaTeX Info: Redefining \Relbar on input line 970.
\c@MaxMatrixCols=\count308
\dotsspace@=\muskip18
\c@parentequation=\count309
\dspbrk@lvl=\count310
\tag@help=\toks23
\row@=\count311
\column@=\count312
\maxfields@=\count313
\andhelp@=\toks24
\eqnshift@=\dimen189
\alignsep@=\dimen190
\tagshift@=\dimen191
\tagwidth@=\dimen192
\totwidth@=\dimen193
\lineht@=\dimen194
\@envbody=\toks25
\multlinegap=\skip55
\multlinetaggap=\skip56
\mathdisplay@stack=\toks26
LaTeX Info: Redefining \[ on input line 2953.
LaTeX Info: Redefining \] on input line 2954.
) (/Users/ethanballou/Library/Application Support/MiKTeX/texmfs/install/tex/latex/comment/comment.sty
\CommentStream=\write3
 Excluding comment 'comment') (/Users/ethanballou/Library/Application Support/MiKTeX/texmfs/install/tex/latex/l3backend/l3backend-pdftex.def
File: l3backend-pdftex.def 2024-05-08 L3 backend support: PDF output (pdfTeX)
\l__color_backend_stack_int=\count314
\l__pdf_internal_box=\box102
) (DescriptiveLifeRisk.aux)
\openout1 = `DescriptiveLifeRisk.aux'.

LaTeX Font Info:    Checking defaults for OML/cmm/m/it on input line 28.
LaTeX Font Info:    ... okay on input line 28.
LaTeX Font Info:    Checking defaults for OMS/cmsy/m/n on input line 28.
LaTeX Font Info:    ... okay on input line 28.
LaTeX Font Info:    Checking defaults for OT1/cmr/m/n on input line 28.
LaTeX Font Info:    ... okay on input line 28.
LaTeX Font Info:    Checking defaults for T1/cmr/m/n on input line 28.
LaTeX Font Info:    ... okay on input line 28.
LaTeX Font Info:    Checking defaults for TS1/cmr/m/n on input line 28.
LaTeX Font Info:    ... okay on input line 28.
LaTeX Font Info:    Checking defaults for OMX/cmex/m/n on input line 28.
LaTeX Font Info:    ... okay on input line 28.
LaTeX Font Info:    Checking defaults for U/cmr/m/n on input line 28.
LaTeX Font Info:    ... okay on input line 28.
LaTeX Font Info:    Checking defaults for PD1/pdf/m/n on input line 28.
LaTeX Font Info:    ... okay on input line 28.
LaTeX Font Info:    Checking defaults for PU/pdf/m/n on input line 28.
LaTeX Font Info:    ... okay on input line 28.

*geometry* driver: auto-detecting
*geometry* detected driver: pdftex
*geometry* verbose mode - [ preamble ] result:
* driver: pdftex
* paper: <default>
* layout: <same size as paper>
* layoutoffset:(h,v)=(0.0pt,0.0pt)
* modes: 
* h-part:(L,W,R)=(72.26999pt, 469.75502pt, 72.26999pt)
* v-part:(T,H,B)=(72.26999pt, 650.43001pt, 72.26999pt)
* \paperwidth=614.295pt
* \paperheight=794.96999pt
* \textwidth=469.75502pt
* \textheight=650.43001pt
* \oddsidemargin=0.0pt
* \evensidemargin=0.0pt
* \topmargin=-37.0pt
* \headheight=12.0pt
* \headsep=25.0pt
* \topskip=12.0pt
* \footskip=30.0pt
* \marginparwidth=44.0pt
* \marginparsep=10.0pt
* \columnsep=10.0pt
* \skip\footins=10.8pt plus 4.0pt minus 2.0pt
* \hoffset=0.0pt
* \voffset=0.0pt
* \mag=1000
* \@twocolumnfalse
* \@twosidefalse
* \@mparswitchfalse
* \@reversemarginfalse
* (1in=72.27pt=25.4mm, 1cm=28.453pt)

Package hyperref Info: Link coloring OFF on input line 28.
(DescriptiveLifeRisk.out) (DescriptiveLifeRisk.out)
\@outlinefile=\write4
\openout4 = `DescriptiveLifeRisk.out'.

 (/Users/ethanballou/Library/Application Support/MiKTeX/texmfs/install/tex/context/base/mkii/supp-pdf.mkii
[Loading MPS to PDF converter (version 2006.09.02).]
\scratchcounter=\count315
\scratchdimen=\dimen195
\scratchbox=\box103
\nofMPsegments=\count316
\nofMParguments=\count317
\everyMPshowfont=\toks27
\MPscratchCnt=\count318
\MPscratchDim=\dimen196
\MPnumerator=\count319
\makeMPintoPDFobject=\count320
\everyMPtoPDFconversion=\toks28
) (/Users/ethanballou/Library/Application Support/MiKTeX/texmfs/install/tex/latex/epstopdf-pkg/epstopdf-base.sty
Package: epstopdf-base 2020-01-24 v2.11 Base part for package epstopdf
Package epstopdf-base Info: Redefining graphics rule for `.eps' on input line 485.
 (/Users/ethanballou/Library/Application Support/MiKTeX/texmfs/install/tex/latex/00miktex/epstopdf-sys.cfg
File: epstopdf-sys.cfg 2021/03/18 v2.0 Configuration of epstopdf for MiKTeX
))
Package caption Info: Begin \AtBeginDocument code.
Package caption Info: float package is loaded.
Package caption Info: End \AtBeginDocument code.
LaTeX Font Info:    Trying to load font information for U+msa on input line 30.
 (/Users/ethanballou/Library/Application Support/MiKTeX/texmfs/install/tex/latex/amsfonts/umsa.fd
File: umsa.fd 2013/01/14 v3.01 AMS symbols A
)
LaTeX Font Info:    Trying to load font information for U+msb on input line 30.
 (/Users/ethanballou/Library/Application Support/MiKTeX/texmfs/install/tex/latex/amsfonts/umsb.fd
File: umsb.fd 2013/01/14 v3.01 AMS symbols B
)
Underfull \hbox (badness 10000) in paragraph at lines 55--57

 []



[1

{/Users/ethanballou/Library/Application Support/MiKTeX/texmfs/data/fonts/map/pdftex/pdftex.map}]
Overfull \hbox (12.6619pt too wide) in paragraph at lines 65--66
[]\OT1/cmr/m/n/12 NEED TO ADD INFO ABOUT WHICH DUMMIES WERE INCLUDED IN STEPWISE
 []

</Users/ethanballou/Documents/GitHub/LifetimeEarningsRisk/Plots/histogram_gammaP_WEIGHTED.png, id=36, 815.045pt x 488.82625pt>
File: /Users/ethanballou/Documents/GitHub/LifetimeEarningsRisk/Plots/histogram_gammaP_WEIGHTED.png Graphic file (type png)
<use /Users/ethanballou/Documents/GitHub/LifetimeEarningsRisk/Plots/histogram_gammaP_WEIGHTED.png>
Package pdftex.def Info: /Users/ethanballou/Documents/GitHub/LifetimeEarningsRisk/Plots/histogram_gammaP_WEIGHTED.png  used on input line 88.
(pdftex.def)             Requested size: 328.82707pt x 197.21274pt.
</Users/ethanballou/Documents/GitHub/LifetimeEarningsRisk/Plots/scatter_age_gammaP_WEIGHTED.png, id=37, 815.045pt x 488.82625pt>
File: /Users/ethanballou/Documents/GitHub/LifetimeEarningsRisk/Plots/scatter_age_gammaP_WEIGHTED.png Graphic file (type png)
<use /Users/ethanballou/Documents/GitHub/LifetimeEarningsRisk/Plots/scatter_age_gammaP_WEIGHTED.png>
Package pdftex.def Info: /Users/ethanballou/Documents/GitHub/LifetimeEarningsRisk/Plots/scatter_age_gammaP_WEIGHTED.png  used on input line 95.
(pdftex.def)             Requested size: 328.82707pt x 197.21274pt.



pdfTeX warning (ext4): destination with the same identifier (name{page.1}) has been already used, duplicate ignored
<to be read again> 
                   \relax 
l.98 
      [1

 </Users/ethanballou/Documents/GitHub/LifetimeEarningsRisk/Plots/histogram_gammaP_WEIGHTED.png>] (/Users/ethanballou/Documents/GitHub/LifetimeEarningsRisk/OtherOutput/gamma_regressions.tex) (/Users/ethanballou/Documents/GitHub/LifetimeEarningsRisk/OtherOutput/gamma_stepwise.tex) (/Users/ethanballou/Documents/GitHub/LifetimeEarningsRisk/OtherOutput/gamma_lasso_selection.tex)
</Users/ethanballou/Documents/GitHub/LifetimeEarningsRisk/Plots/histogram_alphaP_WEIGHTED.png, id=46, 815.045pt x 488.82625pt>
File: /Users/ethanballou/Documents/GitHub/LifetimeEarningsRisk/Plots/histogram_alphaP_WEIGHTED.png Graphic file (type png)
<use /Users/ethanballou/Documents/GitHub/LifetimeEarningsRisk/Plots/histogram_alphaP_WEIGHTED.png>
Package pdftex.def Info: /Users/ethanballou/Documents/GitHub/LifetimeEarningsRisk/Plots/histogram_alphaP_WEIGHTED.png  used on input line 139.
(pdftex.def)             Requested size: 328.82707pt x 197.21274pt.
</Users/ethanballou/Documents/GitHub/LifetimeEarningsRisk/Plots/scatter_age_alphaP_WEIGHTED.png, id=47, 815.045pt x 488.82625pt>
File: /Users/ethanballou/Documents/GitHub/LifetimeEarningsRisk/Plots/scatter_age_alphaP_WEIGHTED.png Graphic file (type png)
<use /Users/ethanballou/Documents/GitHub/LifetimeEarningsRisk/Plots/scatter_age_alphaP_WEIGHTED.png>
Package pdftex.def Info: /Users/ethanballou/Documents/GitHub/LifetimeEarningsRisk/Plots/scatter_age_alphaP_WEIGHTED.png  used on input line 146.
(pdftex.def)             Requested size: 328.82707pt x 197.21274pt.


[2 </Users/ethanballou/Documents/GitHub/LifetimeEarningsRisk/Plots/scatter_age_gammaP_WEIGHTED.png> </Users/ethanballou/Documents/GitHub/LifetimeEarningsRisk/Plots/histogram_alphaP_WEIGHTED.png>]

[3]

[4]

[5] (/Users/ethanballou/Documents/GitHub/LifetimeEarningsRisk/OtherOutput/alpha_regressions.tex) (/Users/ethanballou/Documents/GitHub/LifetimeEarningsRisk/OtherOutput/alpha_stepwise.tex)

[6 </Users/ethanballou/Documents/GitHub/LifetimeEarningsRisk/Plots/scatter_age_alphaP_WEIGHTED.png>]

[7]

[8] (DescriptiveLifeRisk.aux)
 ***********
LaTeX2e <2024-11-01> patch level 2
L3 programming layer <2025-01-18>
 ***********
Package rerunfilecheck Info: File `DescriptiveLifeRisk.out' has not changed.
(rerunfilecheck)             Checksum: 2212D4C78EA95C2B2FF2B364AC6D5888;529.
 ) 
Here is how much of TeX's memory you used:
 11946 strings out of 475466
 197976 string characters out of 5763911
 613783 words of memory out of 5000000
 34744 multiletter control sequences out of 15000+600000
 569220 words of font info for 76 fonts, out of 8000000 for 9000
 0 hyphenation exceptions out of 8191
 75i,12n,79p,875b,449s stack positions out of 10000i,1000n,20000p,200000b,200000s
 </Users/ethanballou/Library/Application Support/MiKTeX/texmfs/data/fonts/pk/ljfour/jknappen/ec/dpi600/tcrm0700.pk> </Users/ethanballou/Library/Application Support/MiKTeX/texmfs/data/fonts/pk/ljfour/jknappen/ec/dpi600/tcrm1000.pk></Users/ethanballou/Library/Application Support/MiKTeX/texmfs/install/fonts/type1/public/amsfonts/cm/cmbx10.pfb></Users/ethanballou/Library/Application Support/MiKTeX/texmfs/install/fonts/type1/public/amsfonts/cm/cmbx12.pfb></Users/ethanballou/Library/Application Support/MiKTeX/texmfs/install/fonts/type1/public/amsfonts/cm/cmmi10.pfb></Users/ethanballou/Library/Application Support/MiKTeX/texmfs/install/fonts/type1/public/amsfonts/cm/cmr10.pfb></Users/ethanballou/Library/Application Support/MiKTeX/texmfs/install/fonts/type1/public/amsfonts/cm/cmr12.pfb></Users/ethanballou/Library/Application Support/MiKTeX/texmfs/install/fonts/type1/public/amsfonts/cm/cmr17.pfb></Users/ethanballou/Library/Application Support/MiKTeX/texmfs/install/fonts/type1/public/amsfonts/cm/cmsy10.pfb></Users/ethanballou/Library/Application Support/MiKTeX/texmfs/install/fonts/type1/public/amsfonts/cm/cmsy7.pfb></Users/ethanballou/Library/Application Support/MiKTeX/texmfs/install/fonts/type1/public/amsfonts/cm/cmsy8.pfb></Users/ethanballou/Library/Application Support/MiKTeX/texmfs/install/fonts/type1/public/amsfonts/symbols/msam10.pfb>
Output written on DescriptiveLifeRisk.pdf (9 pages, 399695 bytes).
PDF statistics:
 147 PDF objects out of 1000 (max. 8388607)
 27 named destinations out of 1000 (max. 500000)
 61 words of extra memory for PDF output out of 10000 (max. 10000000)

